<?xml version="1.0" encoding="UTF-8"?>
<!-- Generated by org.testng.reporters.JUnitXMLReporter -->
<testsuite ignored="0" hostname="INL-8Q62FL3" failures="1" tests="3" name="Test" time="10.101" errors="0" timestamp="2025-07-22T12:11:53 IST">
  <testcase classname="testCases.TC003_LoginDDT" name="verify_loginDDT" time="1.558"/>
  <testcase classname="testCases.TC003_LoginDDT" name="verify_loginDDT" time="1.585">
    <failure type="java.lang.AssertionError" message="expected [true] but found [false]">
      <![CDATA[java.lang.AssertionError: expected [true] but found [false]
at testCases.TC003_LoginDDT.verify_loginDDT(TC003_LoginDDT.java:52)
at java.base/java.util.ArrayList.forEach(ArrayList.java:1596)
... Removed 29 stack frames]]>
    </failure>
  </testcase> <!-- verify_loginDDT -->
  <testcase classname="testCases.TC003_LoginDDT" name="verify_loginDDT" time="1.498"/>
</testsuite> <!-- Test -->
