<?xml version="1.0" encoding="UTF-8"?>
<testng-results ignored="0" total="1" passed="1" failed="0" skipped="0">
  <reporter-output>
  </reporter-output>
  <suite started-at="2025-07-21T11:27:31 IST" name="Suite" finished-at="2025-07-21T11:28:17 IST" duration-ms="45750">
    <groups>
    </groups>
    <test started-at="2025-07-21T11:27:31 IST" name="Test" finished-at="2025-07-21T11:28:17 IST" duration-ms="45750">
      <class name="testCases.TC002_loginTest">
        <test-method is-config="true" signature="setup(java.lang.String,java.lang.String)[pri:0, instance:testCases.TC002_loginTest@488eb7f2]" started-at="2025-07-21T11:27:31 IST" name="setup" finished-at="2025-07-21T11:28:09 IST" duration-ms="37594" status="PASS">
          <params>
            <param index="0">
              <value>
                <![CDATA[Windows]]>
              </value>
            </param>
            <param index="1">
              <value>
                <![CDATA[chrome]]>
              </value>
            </param>
          </params>
          <reporter-output>
          </reporter-output>
        </test-method> <!-- setup -->
        <test-method signature="verifyLogin()[pri:0, instance:testCases.TC002_loginTest@488eb7f2]" started-at="2025-07-21T11:28:09 IST" name="verifyLogin" finished-at="2025-07-21T11:28:16 IST" duration-ms="7545" status="PASS">
          <reporter-output>
          </reporter-output>
        </test-method> <!-- verifyLogin -->
        <test-method is-config="true" signature="tearDown()[pri:0, instance:testCases.TC002_loginTest@488eb7f2]" started-at="2025-07-21T11:28:16 IST" name="tearDown" finished-at="2025-07-21T11:28:17 IST" duration-ms="560" status="PASS">
          <reporter-output>
          </reporter-output>
        </test-method> <!-- tearDown -->
        <test-method is-config="true" signature="tearDown()[pri:0, instance:testCases.TC002_loginTest@488eb7f2]" started-at="2025-07-21T11:28:17 IST" name="tearDown" finished-at="2025-07-21T11:28:17 IST" duration-ms="1" status="PASS">
          <reporter-output>
          </reporter-output>
        </test-method> <!-- tearDown -->
      </class> <!-- testCases.TC002_loginTest -->
    </test> <!-- Test -->
  </suite> <!-- Suite -->
</testng-results>
